[10:45:57] [main/INFO] [LaunchWrapper]: Loading tweak class name net.minecraftforge.fml.common.launcher.FMLTweaker
[10:45:57] [main/INFO] [LaunchWrapper]: Using primary tweak class name net.minecraftforge.fml.common.launcher.FMLTweaker
[10:45:57] [main/INFO] [LaunchWrapper]: Calling tweak class net.minecraftforge.fml.common.launcher.FMLTweaker
[10:45:57] [main/INFO] [FML]: Forge Mod Loader version 14.23.5.2860 for Minecraft 1.12.2 loading
[10:45:57] [main/INFO] [FML]: Java is OpenJDK 64-Bit Server VM, version 1.8.0_362, running on Linux:amd64:6.0.12-100.fc35.x86_64, installed at /home/guillaume/.jdks/corretto-1.8.0_362/jre
[10:45:57] [main/ERROR] [FML]: Apache Maven library folder was not in the format expected. Using default libraries directory.
[10:45:57] [main/ERROR] [FML]: Full: /home/guillaume/.gradle/caches/modules-2/files-2.1/org.apache.maven/maven-artifact/3.5.3/7dc72b6d6d8a6dced3d294ed54c2cc3515ade9f4/maven-artifact-3.5.3.jar
[10:45:57] [main/ERROR] [FML]: Trimmed: /home/guillaume/.gradle/caches/modules-2/files-2.1/org.apache.maven/maven-artifact/3.5.3/
[10:45:57] [main/INFO] [FML]: Managed to load a deobfuscated Minecraft name- we are in a deobfuscated environment. Skipping runtime deobfuscation
[10:45:57] [main/INFO] [FML]: Detected deobfuscated environment, loading log configs for colored console logs.
[10:45:57] [main/INFO] [FML]: Ignoring missing certificate for coremod FMLCorePlugin (net.minecraftforge.fml.relauncher.FMLCorePlugin), we are in deobf and it's a forge core plugin
[10:45:57] [main/INFO] [FML]: Ignoring missing certificate for coremod FMLForgePlugin (net.minecraftforge.classloading.FMLForgePlugin), we are in deobf and it's a forge core plugin
[10:45:57] [main/INFO] [FML]: Searching /home/guillaume/IdeaProjects/untitled/run/./mods for mods
[10:45:57] [main/INFO] [LaunchWrapper]: Loading tweak class name net.minecraftforge.fml.common.launcher.FMLInjectionAndSortingTweaker
[10:45:57] [main/INFO] [LaunchWrapper]: Loading tweak class name net.minecraftforge.fml.common.launcher.FMLDeobfTweaker
[10:45:57] [main/INFO] [LaunchWrapper]: Calling tweak class net.minecraftforge.fml.common.launcher.FMLInjectionAndSortingTweaker
[10:45:57] [main/INFO] [LaunchWrapper]: Calling tweak class net.minecraftforge.fml.common.launcher.FMLInjectionAndSortingTweaker
[10:45:57] [main/INFO] [LaunchWrapper]: Calling tweak class net.minecraftforge.fml.relauncher.CoreModManager$FMLPluginWrapper
[10:45:57] [main/ERROR] [FML]: FML appears to be missing any signature data. This is not a good thing
[10:45:57] [main/INFO] [LaunchWrapper]: Calling tweak class net.minecraftforge.fml.relauncher.CoreModManager$FMLPluginWrapper
[10:45:57] [main/INFO] [LaunchWrapper]: Calling tweak class net.minecraftforge.fml.common.launcher.FMLDeobfTweaker
[10:45:58] [main/INFO] [LaunchWrapper]: Loading tweak class name net.minecraftforge.fml.common.launcher.TerminalTweaker
[10:45:58] [main/INFO] [LaunchWrapper]: Calling tweak class net.minecraftforge.fml.common.launcher.TerminalTweaker
[10:45:58] [main/INFO] [LaunchWrapper]: Launching wrapped minecraft {net.minecraft.client.main.Main}
[10:45:58] [Client thread/INFO] [net.minecraft.client.Minecraft]: Setting user: Player198
[10:45:59] [Client thread/INFO] [net.minecraft.client.Minecraft]: LWJGL Version: 2.9.4
[10:45:59] [Client thread/INFO] [STDOUT]: [net.minecraft.init.Bootstrap:printToSYSOUT:553]: ---- Minecraft Crash Report ----
// This is a token for 1 free hug. Redeem at your nearest Mojangsta: [~~HUG~~]

Time: 2/1/23 10:45 AM
Description: Initializing game

java.lang.ExceptionInInitializerError
	at net.minecraft.client.Minecraft.setWindowIcon(Minecraft.java:680)
	at net.minecraft.client.Minecraft.init(Minecraft.java:456)
	at net.minecraft.client.Minecraft.run(Minecraft.java:378)
	at net.minecraft.client.main.Main.main(Main.java:118)
	at sun.reflect.NativeMethodAccessorImpl.invoke0(Native Method)
	at sun.reflect.NativeMethodAccessorImpl.invoke(NativeMethodAccessorImpl.java:62)
	at sun.reflect.DelegatingMethodAccessorImpl.invoke(DelegatingMethodAccessorImpl.java:43)
	at java.lang.reflect.Method.invoke(Method.java:498)
	at net.minecraft.launchwrapper.Launch.launch(Launch.java:135)
	at net.minecraft.launchwrapper.Launch.main(Launch.java:28)
	at sun.reflect.NativeMethodAccessorImpl.invoke0(Native Method)
	at sun.reflect.NativeMethodAccessorImpl.invoke(NativeMethodAccessorImpl.java:62)
	at sun.reflect.DelegatingMethodAccessorImpl.invoke(DelegatingMethodAccessorImpl.java:43)
	at java.lang.reflect.Method.invoke(Method.java:498)
	at net.minecraftforge.legacydev.Main.start(Main.java:86)
	at net.minecraftforge.legacydev.MainClient.main(MainClient.java:29)
Caused by: java.lang.ArrayIndexOutOfBoundsException: 0
	at org.lwjgl.opengl.LinuxDisplay.getAvailableDisplayModes(LinuxDisplay.java:951)
	at org.lwjgl.opengl.LinuxDisplay.init(LinuxDisplay.java:738)
	at org.lwjgl.opengl.Display.<clinit>(Display.java:138)
	... 16 more


A detailed walkthrough of the error, its code path and all known details is as follows:
---------------------------------------------------------------------------------------

-- Head --
Thread: Client thread
Stacktrace:
	at net.minecraft.client.Minecraft.setWindowIcon(Minecraft.java:680)
	at net.minecraft.client.Minecraft.init(Minecraft.java:456)

-- Initialization --
Details:
Stacktrace:
	at net.minecraft.client.Minecraft.run(Minecraft.java:378)
	at net.minecraft.client.main.Main.main(Main.java:118)
	at sun.reflect.NativeMethodAccessorImpl.invoke0(Native Method)
	at sun.reflect.NativeMethodAccessorImpl.invoke(NativeMethodAccessorImpl.java:62)
	at sun.reflect.DelegatingMethodAccessorImpl.invoke(DelegatingMethodAccessorImpl.java:43)
	at java.lang.reflect.Method.invoke(Method.java:498)
	at net.minecraft.launchwrapper.Launch.launch(Launch.java:135)
	at net.minecraft.launchwrapper.Launch.main(Launch.java:28)
	at sun.reflect.NativeMethodAccessorImpl.invoke0(Native Method)
	at sun.reflect.NativeMethodAccessorImpl.invoke(NativeMethodAccessorImpl.java:62)
	at sun.reflect.DelegatingMethodAccessorImpl.invoke(DelegatingMethodAccessorImpl.java:43)
	at java.lang.reflect.Method.invoke(Method.java:498)
	at net.minecraftforge.legacydev.Main.start(Main.java:86)
	at net.minecraftforge.legacydev.MainClient.main(MainClient.java:29)

-- System Details --
Details:
	Minecraft Version: 1.12.2
	Operating System: Linux (amd64) version 6.0.12-100.fc35.x86_64
	Java Version: 1.8.0_362, Amazon.com Inc.
	Java VM Version: OpenJDK 64-Bit Server VM (mixed mode), Amazon.com Inc.
	Memory: 571553624 bytes (545 MB) / 711983104 bytes (679 MB) up to 3636985856 bytes (3468 MB)
	JVM Flags: 0 total; 
	IntCache: cache: 0, tcache: 0, allocated: 0, tallocated: 0
	FML: 
	Loaded coremods (and transformers): 
	Launched Version: ${MC_VERSION}
	LWJGL: 2.9.4
	OpenGL: ~~ERROR~~ RuntimeException: No OpenGL context found in the current thread.
	GL Caps: 
	Using VBOs: Yes
	Is Modded: Definitely; Client brand changed to 'fml,forge'
	Type: Client (map_client.txt)
	Resource Packs: 
	Current Language: ~~ERROR~~ NullPointerException: null
	Profiler Position: N/A (disabled)
	CPU: <unknown>
[10:45:59] [Client thread/INFO] [STDOUT]: [net.minecraft.init.Bootstrap:printToSYSOUT:553]: #@!@# Game crashed! Crash report saved to: #@!@# /home/guillaume/IdeaProjects/untitled/run/./crash-reports/crash-2023-02-01_10.45.59-client.txt
